\BOOKMARK [1][-]{section.1}{Fase di analisi}{}% 1
\BOOKMARK [2][-]{subsection.1.1}{Analisi delle caratteristiche dell'utenza}{section.1}% 2
\BOOKMARK [3][-]{subsubsection.1.1.1}{Destinatari}{subsection.1.1}% 3
\BOOKMARK [3][-]{subsubsection.1.1.2}{Funzionalit\340}{subsection.1.1}% 4
\BOOKMARK [1][-]{section.2}{Fase di progettazione}{}% 5
\BOOKMARK [2][-]{subsection.2.1}{Progettazione}{section.2}% 6
\BOOKMARK [2][-]{subsection.2.2}{Struttura}{section.2}% 7
\BOOKMARK [3][-]{subsubsection.2.2.1}{Header}{subsection.2.2}% 8
\BOOKMARK [3][-]{subsubsection.2.2.2}{Breadcrumb}{subsection.2.2}% 9
\BOOKMARK [3][-]{subsubsection.2.2.3}{Container}{subsection.2.2}% 10
\BOOKMARK [2][-]{subsection.2.3}{Visualizzazione}{section.2}% 11
\BOOKMARK [2][-]{subsection.2.4}{Accessibilit\340}{section.2}% 12
\BOOKMARK [3][-]{subsubsection.2.4.1}{Contenuto}{subsection.2.4}% 13
\BOOKMARK [3][-]{subsubsection.2.4.2}{Presentazione}{subsection.2.4}% 14
\BOOKMARK [3][-]{subsubsection.2.4.3}{Comportamento}{subsection.2.4}% 15
\BOOKMARK [1][-]{section.3}{Fase di implementazione}{}% 16
\BOOKMARK [2][-]{subsection.3.1}{Linguaggi}{section.3}% 17
\BOOKMARK [3][-]{subsubsection.3.1.1}{HTML}{subsection.3.1}% 18
\BOOKMARK [3][-]{subsubsection.3.1.2}{CSS}{subsection.3.1}% 19
\BOOKMARK [3][-]{subsubsection.3.1.3}{SQL}{subsection.3.1}% 20
\BOOKMARK [3][-]{subsubsection.3.1.4}{PHP}{subsection.3.1}% 21
\BOOKMARK [3][-]{subsubsection.3.1.5}{Javascript}{subsection.3.1}% 22
\BOOKMARK [1][-]{section.4}{Fase di testing}{}% 23
\BOOKMARK [1][-]{section.5}{Organizzazione interna}{}% 24
